mode: set
github.com/bootdotdev/learn-cicd-starter/handler_notes.go:13.99,15.16 2 0
github.com/bootdotdev/learn-cicd-starter/handler_notes.go:15.16,18.3 2 0
github.com/bootdotdev/learn-cicd-starter/handler_notes.go:20.2,21.16 2 0
github.com/bootdotdev/learn-cicd-starter/handler_notes.go:21.16,25.3 3 0
github.com/bootdotdev/learn-cicd-starter/handler_notes.go:27.2,27.46 1 0
github.com/bootdotdev/learn-cicd-starter/handler_notes.go:30.102,37.16 5 0
github.com/bootdotdev/learn-cicd-starter/handler_notes.go:37.16,40.3 2 0
github.com/bootdotdev/learn-cicd-starter/handler_notes.go:42.2,50.16 3 0
github.com/bootdotdev/learn-cicd-starter/handler_notes.go:50.16,53.3 2 0
github.com/bootdotdev/learn-cicd-starter/handler_notes.go:55.2,56.16 2 0
github.com/bootdotdev/learn-cicd-starter/handler_notes.go:56.16,59.3 2 0
github.com/bootdotdev/learn-cicd-starter/handler_notes.go:61.2,62.16 2 0
github.com/bootdotdev/learn-cicd-starter/handler_notes.go:62.16,66.3 3 0
github.com/bootdotdev/learn-cicd-starter/handler_notes.go:68.2,68.50 1 0
github.com/bootdotdev/learn-cicd-starter/handler_ready.go:5.63,7.2 1 0
github.com/bootdotdev/learn-cicd-starter/handler_user.go:16.82,23.16 5 0
github.com/bootdotdev/learn-cicd-starter/handler_user.go:23.16,26.3 2 0
github.com/bootdotdev/learn-cicd-starter/handler_user.go:28.2,29.16 2 0
github.com/bootdotdev/learn-cicd-starter/handler_user.go:29.16,32.3 2 0
github.com/bootdotdev/learn-cicd-starter/handler_user.go:34.2,41.16 2 0
github.com/bootdotdev/learn-cicd-starter/handler_user.go:41.16,45.3 3 0
github.com/bootdotdev/learn-cicd-starter/handler_user.go:47.2,48.16 2 0
github.com/bootdotdev/learn-cicd-starter/handler_user.go:48.16,52.3 3 0
github.com/bootdotdev/learn-cicd-starter/handler_user.go:54.2,55.16 2 0
github.com/bootdotdev/learn-cicd-starter/handler_user.go:55.16,59.3 3 0
github.com/bootdotdev/learn-cicd-starter/handler_user.go:60.2,60.50 1 0
github.com/bootdotdev/learn-cicd-starter/handler_user.go:63.49,66.16 3 0
github.com/bootdotdev/learn-cicd-starter/handler_user.go:66.16,68.3 1 0
github.com/bootdotdev/learn-cicd-starter/handler_user.go:69.2,71.24 3 0
github.com/bootdotdev/learn-cicd-starter/handler_user.go:74.99,77.16 2 0
github.com/bootdotdev/learn-cicd-starter/handler_user.go:77.16,81.3 3 0
github.com/bootdotdev/learn-cicd-starter/handler_user.go:83.2,83.45 1 0
github.com/bootdotdev/learn-cicd-starter/json.go:9.68,10.16 1 0
github.com/bootdotdev/learn-cicd-starter/json.go:10.16,12.3 1 0
github.com/bootdotdev/learn-cicd-starter/json.go:13.2,18.4 2 0
github.com/bootdotdev/learn-cicd-starter/json.go:21.76,24.16 3 0
github.com/bootdotdev/learn-cicd-starter/json.go:24.16,28.3 3 0
github.com/bootdotdev/learn-cicd-starter/json.go:29.2,30.14 2 0
github.com/bootdotdev/learn-cicd-starter/main.go:27.13,29.16 2 0
github.com/bootdotdev/learn-cicd-starter/main.go:29.16,31.3 1 0
github.com/bootdotdev/learn-cicd-starter/main.go:33.2,34.16 2 0
github.com/bootdotdev/learn-cicd-starter/main.go:34.16,36.3 1 0
github.com/bootdotdev/learn-cicd-starter/main.go:38.2,43.17 3 0
github.com/bootdotdev/learn-cicd-starter/main.go:43.17,46.3 2 0
github.com/bootdotdev/learn-cicd-starter/main.go:46.8,48.17 2 0
github.com/bootdotdev/learn-cicd-starter/main.go:48.17,50.4 1 0
github.com/bootdotdev/learn-cicd-starter/main.go:51.3,53.40 3 0
github.com/bootdotdev/learn-cicd-starter/main.go:56.2,67.63 3 0
github.com/bootdotdev/learn-cicd-starter/main.go:67.63,69.17 2 0
github.com/bootdotdev/learn-cicd-starter/main.go:69.17,72.4 2 0
github.com/bootdotdev/learn-cicd-starter/main.go:73.3,74.42 2 0
github.com/bootdotdev/learn-cicd-starter/main.go:74.42,76.4 1 0
github.com/bootdotdev/learn-cicd-starter/main.go:79.2,81.22 2 0
github.com/bootdotdev/learn-cicd-starter/main.go:81.22,86.3 4 0
github.com/bootdotdev/learn-cicd-starter/main.go:88.2,97.33 5 0
github.com/bootdotdev/learn-cicd-starter/middleware_auth.go:13.78,14.54 1 0
github.com/bootdotdev/learn-cicd-starter/middleware_auth.go:14.54,16.17 2 0
github.com/bootdotdev/learn-cicd-starter/middleware_auth.go:16.17,19.4 2 0
github.com/bootdotdev/learn-cicd-starter/middleware_auth.go:21.3,22.17 2 0
github.com/bootdotdev/learn-cicd-starter/middleware_auth.go:22.17,25.4 2 0
github.com/bootdotdev/learn-cicd-starter/middleware_auth.go:27.3,27.22 1 0
github.com/bootdotdev/learn-cicd-starter/models.go:17.59,19.16 2 0
github.com/bootdotdev/learn-cicd-starter/models.go:19.16,21.3 1 0
github.com/bootdotdev/learn-cicd-starter/models.go:23.2,24.16 2 0
github.com/bootdotdev/learn-cicd-starter/models.go:24.16,26.3 1 0
github.com/bootdotdev/learn-cicd-starter/models.go:27.2,33.8 1 0
github.com/bootdotdev/learn-cicd-starter/models.go:44.59,46.16 2 0
github.com/bootdotdev/learn-cicd-starter/models.go:46.16,48.3 1 0
github.com/bootdotdev/learn-cicd-starter/models.go:50.2,51.16 2 0
github.com/bootdotdev/learn-cicd-starter/models.go:51.16,53.3 1 0
github.com/bootdotdev/learn-cicd-starter/models.go:54.2,60.8 1 0
github.com/bootdotdev/learn-cicd-starter/models.go:63.66,65.29 2 0
github.com/bootdotdev/learn-cicd-starter/models.go:65.29,68.17 3 0
github.com/bootdotdev/learn-cicd-starter/models.go:68.17,70.4 1 0
github.com/bootdotdev/learn-cicd-starter/models.go:73.2,73.20 1 0
